2024-03-19T00:32:42+00:00 DEBUG POST: https://business-api.tiktok.com/tbp/v2.0/business_profile/disconnect?external_data=

{"business_platform":"WOO_COMMERCE","external_business_id":"tt4b_woocommerce_65ec30d640ded"}
 ajax: no
2024-03-19T00:32:42+00:00 DEBUG Tt4b_Mapi_Class::tbp_post: Response: 

HTTP/1.1 200 OK
Content-Type: application/json; charset=utf-8
Content-Length: 95
X-Api-Deprecation-Info: API for Business Version 1.3 is now live. To avoid disruption to your business, we recommend you migrate all calls to v1.3 as soon as possible. Please visit our migration guide for more details: https://ads.tiktok.com/marketing_api/docs?id=1740029169927169
X-Domain-Change-Info: We have moved to the new domain business-api.tiktok.com for API services after the Platform Upgrade on 09/30/2021. Please update all of your requests with the new domain if you haven't done so already. For more information, please visit https://ads.tiktok.com/marketing_api/docs?rid=esb88xalm6m&id=1709207085043713
X-Tt-Logid: 20240319003241F5D9D53B53B2E5184D5E
x-tt-trace-host: 01be9e563352f8618eadf8c99f37effb43d2df605f78df73803d1d5b7592432af23142ff879cc539c290dee3e05ec28144cdf71639880fd9c91407b75b60bc13fb0da579b3503d5b0f0003f4fb91b647ce597ef3cf5aa53c4c2fa77b6ce64b020b88fa8ab77f7956f346920005ab0a9e29
x-tt-trace-id: 00-240319003241F5D9D53B53B2E5184D5E-05650EAF072D8C83-00
Server: TLB
X-Origin-Response-Time: 12,23.59.80.62
X-Akamai-Request-ID: 2f005c40.96edae0
Expires: Tue, 19 Mar 2024 00:32:42 GMT
Cache-Control: max-age=0, no-cache, no-store
Pragma: no-cache
Date: Tue, 19 Mar 2024 00:32:42 GMT
X-Cache: TCP_MISS from a23-206-233-5.deploy.akamaitechnologies.com (AkamaiGHost/11.4.3-54729273) (-)
Connection: close
X-Cache-Remote: TCP_MISS from a23-59-80-62.deploy.akamaitechnologies.com (AkamaiGHost/11.4.3-54729273) (-)
x-tt-trace-tag: id=16;cdn-cache=miss;type=dyn
Server-Timing: cdn-cache; desc=MISS, edge; dur=19, origin; dur=12
Server-Timing: inner; dur=9
X-Parent-Response-Time: 27,23.206.233.5

{"code":40001,"message":"Permission denied.","request_id":"20240319003241F5D9D53B53B2E5184D5E"}
2024-03-19T00:32:42+00:00 DEBUG POST: https://business-api.tiktok.com/tbp/v2.0/shop/connection/disconnect?external_data=

--- EMPTY STRING ---
 ajax: no
2024-03-19T00:32:42+00:00 DEBUG Tt4b_Mapi_Class::tts_shop_disconnect: Response: 

HTTP/1.1 200 OK
Content-Type: application/json; charset=utf-8
Content-Length: 95
X-Api-Deprecation-Info: API for Business Version 1.3 is now live. To avoid disruption to your business, we recommend you migrate all calls to v1.3 as soon as possible. Please visit our migration guide for more details: https://ads.tiktok.com/marketing_api/docs?id=1740029169927169
X-Domain-Change-Info: We have moved to the new domain business-api.tiktok.com for API services after the Platform Upgrade on 09/30/2021. Please update all of your requests with the new domain if you haven't done so already. For more information, please visit https://ads.tiktok.com/marketing_api/docs?rid=esb88xalm6m&id=1709207085043713
X-Tt-Logid: 20240319003241F5D9D53B53B2E5184D5F
x-tt-trace-host: 01be9e563352f8618eadf8c99f37effb43d2df605f78df73803d1d5b7592432af23142ff879cc539c290dee3e05ec28144cdf71639880fd9c91407b75b60bc13fb0da579b3503d5b0f0003f4fb91b647ce5bd6fdb79853d56b54539b240ba49d771fb6c41db64db97116bc548f9590265c
x-tt-trace-id: 00-240319003241F5D9D53B53B2E5184D5F-05650EAF072D8C87-00
Server: TLB
X-Origin-Response-Time: 22,23.59.80.62
X-Akamai-Request-ID: 2f006557.96edbbc
Expires: Tue, 19 Mar 2024 00:32:42 GMT
Cache-Control: max-age=0, no-cache, no-store
Pragma: no-cache
Date: Tue, 19 Mar 2024 00:32:42 GMT
X-Cache: TCP_MISS from a23-206-233-5.deploy.akamaitechnologies.com (AkamaiGHost/11.4.3-54729273) (-)
Connection: close
X-Cache-Remote: TCP_MISS from a23-59-80-62.deploy.akamaitechnologies.com (AkamaiGHost/11.4.3-54729273) (-)
x-tt-trace-tag: id=16;cdn-cache=miss;type=dyn
Server-Timing: cdn-cache; desc=MISS, edge; dur=16, origin; dur=22
Server-Timing: inner; dur=11
X-Parent-Response-Time: 36,23.206.233.5

{"code":40001,"message":"Permission denied.","request_id":"20240319003241F5D9D53B53B2E5184D5F"}
